523cbd905c228312a729353b04e43323f52664a3336e7094da579dbca1fe9ccc v0.7.5
874e759c530c5b51208f3bf787dd4b3fcd9a394b486e6aeff04a8c311ce2684b dev
df64e9b8a27b8283fc0c32d183ce0d038004bc1f52255d95973679ce91df4ad2 v0.6.1
3969fdcaa4bc03660d7c2a2c6719c131ffe87f9065b8c6a686cb9ff7f84d4be5 stg
a7ecc9fb0700bf2ac35e8ef4a4b11caea638f667f58d00d07b67a88066f4958f V0.2.0
475b4a13d6f80218ebd66336746a551de34ed43162a3afaf7dd1b53457b2af47 v0.7.1
d1318f6773e53442571c8381fc816355a7651037fdfac67e90e3cb65d50b81a9 v0.7.4
5d0de9a5237656f8258da19d0d3d6b728b2e768fea93a8d4e3f1022703e92ba5 prod
5d0de9a5237656f8258da19d0d3d6b728b2e768fea93a8d4e3f1022703e92ba5 v0.8.2
5d0de9a5237656f8258da19d0d3d6b728b2e768fea93a8d4e3f1022703e92ba5 uat
daf08e2696cb85fd70e870d5873128100316801b00d46484e57f59dd1e47487d v0.7.6
2f7ad6504a9c8ac0a73a0c9caeab91b0ad28b18954cbe56c95e222b931be67b8 v0.6.2q
2f7ad6504a9c8ac0a73a0c9caeab91b0ad28b18954cbe56c95e222b931be67b8 v0.6.3q
2f7ad6504a9c8ac0a73a0c9caeab91b0ad28b18954cbe56c95e222b931be67b8 v0.6.2
2f7ad6504a9c8ac0a73a0c9caeab91b0ad28b18954cbe56c95e222b931be67b8 v0.6.5q
2f7ad6504a9c8ac0a73a0c9caeab91b0ad28b18954cbe56c95e222b931be67b8 v0.6.0
1e4d50b2dde14114b891c08013db97d83028df3dab6cfb4b9f637a603d02a074 v0.5.1
e264eb7dd1fd212f8106eb1d0eef82d65d9ac81985f5a9fd6d1e845f73973160 V0.3.0
6c4864bf7972b52abce8d1c47b65b150d4c3bf66cf9a976aacf61bc8d244a182 V0.2.1
32c4423b6fdd3459ee789d906cdcc03a96a3cf31a79228b181531c4117bd94a4 V0.1.0
b1a0b1cec9b948117e1dd279900e149d57e1f601ea2dec6e1b1140ca28d8b5c7 v0.7.7
fbd5c7343ce1871a43cf6842060449196861ac0b677c8526e2c7fd23dd7ce0b9 v0.6.6
fbd5c7343ce1871a43cf6842060449196861ac0b677c8526e2c7fd23dd7ce0b9 v0.7.0q
153fe7fd4323c2249d2179951cee7bda711f5428b872d4e4a78d94792ca201dd poc
7458c64c9d2ac647bcca84335fbfdf462c7783d9ff5774888887dcf91044fae8 V0.1.1
