2383e086bfd4856f3f7405f1447a78f89359a05ee15a79cc717aaa0ea4f9bd40 v0.7.5
89c35fa2bc5601713421223affdcf32040ff90a8c20c082e4d6f9c6e3dbc7163 v0.8.1
89c35fa2bc5601713421223affdcf32040ff90a8c20c082e4d6f9c6e3dbc7163 uat
89c35fa2bc5601713421223affdcf32040ff90a8c20c082e4d6f9c6e3dbc7163 prod
6ea6954306c00279c5be1f4a7ed3aa276f128c7f035ad6611f2a6f753e564082 v0.7.4
e33d572153bfba78a584584164de0cfb8b1a62e0e6e9d8bbef5b5bd7a5679d94 dev
caed19a5366efbc6072b8cd18b12361cb0801ade5c333928b247a9a091075e78 V0.3.0
97a16f99cef0b251980c0895394d1af097b75dd861a650ef407397669e09f9d4 V0.1.0
626f1f5646cc35ff2813e5ddf8b776683ac42496b828b2319f7c1ef8c0f50937 v0.7.2
626f1f5646cc35ff2813e5ddf8b776683ac42496b828b2319f7c1ef8c0f50937 v0.7.2q
ab2af10f697af7ddd72e20e04b825a59626c1cf12e3de34e1864f7b10cd2e100 v0.6.1
e9e5cab990e4f71cabab54bad7a2cff6535490b54854fe382ab4b802c2a54dd5 v0.5.0
45fe32cde6be655831f38f42b8021a33382b3d8470a25313c6ee8cd2ca6a9f54 v0.7.7
ee899bf10ea6eef5b1c53792738a3ea7c5eb8dc61e2355542f676738897c106e v0.7.3
72500c8101a22f0fcb9b99aa062890a39811bf973c0e415cd44809f687e0621c stg
6955b720d4bf7a77f965cf5b9a3de7a55ca2af7c59d86c9a5bf5fcba11646463 V0.2.0
3ee8f03fab170a76c293fbd6af107065e7a6c6b8caddcb58ac3a1d38159173be v0.7.1q
3ee8f03fab170a76c293fbd6af107065e7a6c6b8caddcb58ac3a1d38159173be v0.7.0q
3ee8f03fab170a76c293fbd6af107065e7a6c6b8caddcb58ac3a1d38159173be v0.6.6
c40e347398841006dc28d290ac5b3b4d7dc2fdd6e8b824d54cff7b19a6630941 V0.1.1
e3006154d6e4e9745c1fd2065643e0117aecb73d2b8e21b3ddd08c7c7d979ffe poc
edf4fc6d1d56684eff12fd9b08dc76431dcb5093ad79a2200625e7c44ddc45f1 v0.6.0
edf4fc6d1d56684eff12fd9b08dc76431dcb5093ad79a2200625e7c44ddc45f1 v0.6.1q
edf4fc6d1d56684eff12fd9b08dc76431dcb5093ad79a2200625e7c44ddc45f1 v0.6.2q
edf4fc6d1d56684eff12fd9b08dc76431dcb5093ad79a2200625e7c44ddc45f1 v0.6.5q
