18aed9298f95ba15c6ef59caa5bf6a3d277b613b932eae05418bafa7cca0258f v0.8.1
18aed9298f95ba15c6ef59caa5bf6a3d277b613b932eae05418bafa7cca0258f prod
18aed9298f95ba15c6ef59caa5bf6a3d277b613b932eae05418bafa7cca0258f uat
38631ee63146b6f02d4ef21b12fc1bf209012372d236dc2ed32b1fbd9f840eb6 poc
9827fb9cdc743bce43dc3e08a0249226c757336551b018f1032002bdb5e541a5 v0.7.7
514c1bed1da848ff5a92becd3416869effb66892ae73b6ea340f916823367ecf v0.6.1
5b5bb0d2f82d710cd502b9ac5215ea2b59b9e05378f8480e256e884fd9aaeb33 b0.7.8
5b5bb0d2f82d710cd502b9ac5215ea2b59b9e05378f8480e256e884fd9aaeb33 v0.7.8
1196705cdcfd8cd3be3960fdcca0d2e0b5ef2047e6837cbe6672155030da5b1c v0.7.0
6b9a47c53de748e68261b4562871086239fbd68738de453ea975af4b222a7c62 dev
461050bab3691c1cb7779d021d5505240e17601f7027758031e2965f9388d0bf v0.6.5q
461050bab3691c1cb7779d021d5505240e17601f7027758031e2965f9388d0bf v0.6.3q
f7db7738b6c735b260e3deead690841c8074dad0b5edafa6ea6ffb2d7e6bd463 v0.6.2.qc
4d3ef0b9a557260d80d3b4a845d0c3ff3866e5ba7f62a3f7ddf9c3dc145487b2 v0.7.4
4d3ef0b9a557260d80d3b4a845d0c3ff3866e5ba7f62a3f7ddf9c3dc145487b2 v0.7.6
4d3ef0b9a557260d80d3b4a845d0c3ff3866e5ba7f62a3f7ddf9c3dc145487b2 v0.7.5
4d3ef0b9a557260d80d3b4a845d0c3ff3866e5ba7f62a3f7ddf9c3dc145487b2 b0.7.7
9b3c36a3af20241e8308e758a2e8a39c911067ad1fed3606369e57c535d834fa v0.7.0q
9b3c36a3af20241e8308e758a2e8a39c911067ad1fed3606369e57c535d834fa v0.6.6
d811d5ce57421a2ed013fd570bb480c064b79a4b9955ce788a24fd916b0bed1c stg
ae5147500ab988355270062775f65c0b9f345a0af161004a28596db19bd36ca4 v0.6.0
ae5147500ab988355270062775f65c0b9f345a0af161004a28596db19bd36ca4 v0.5.1
