28d117c5c26a8eaf44d03f2331d7ae15c1dd4192a7f268bbadbc647c4ebd3602 v0.7.7
4a48f73b9121c2a4481320e50eed037d07d1a0674f8e55eeea30fcb6f8a9a149 v0.7.11
26e09659d44f4bf472d203506e8649c76e048d6658d75fcdde698683c0e05028 v0.6.7
0326fff7d306d26606f7b250423efac4e0d3e8b08303c1c3b91d88d559f41885 v0.9.0
0326fff7d306d26606f7b250423efac4e0d3e8b08303c1c3b91d88d559f41885 prod
0326fff7d306d26606f7b250423efac4e0d3e8b08303c1c3b91d88d559f41885 uat
2ebb3710e336eb81faa6f33014fdf990fff440f417bce7e4441c84728b865968 v0.6.6
ed39d85bef9c55949364e6ff3888d43134db808b73a593680a58cddd2f04c604 v0.7.1
d1815c17202850764d2269def94c13a668a7f56f8547adde1714a5c090b13012 v0.8.0
99d50dd35de2734cae19daa883e580436457782d2f20a6a227dbb5df412f1d0a v0.6.1
99d50dd35de2734cae19daa883e580436457782d2f20a6a227dbb5df412f1d0a v0.6.0
0a0cab45f9f9553d97c348722c5398526e452238b4ad0135ca1ebe78798dc871 v0.7.8
5f960ef9ecf9666c2e09eff91a19aff8919c7ec7325f3f2e319edf4b221f1de1 v0.7.10
a2ebaeee3b88961c81c52a928b6915c4797e93f8dd06514f0dc47be1071a21b7 v0.7.4
822d81fba5e3283e6b08030f31fc280609827615694856681b198ccbf5dc854f v0.7.3
456dadeef562ee29eddded5de99b9cf2b530e52b51e2e5eee4648f2e0e994c1f v0.7.9
c640cba243a42b1fac8d89ca253fd258801ba36e023668283f4c56ea6de30158 v0.7.0
ab0e7c24850651a7146358da54f1cead81cf5ac6eaea4ede689fd73a73aead57 dev
e9630033920cf4e804f41789fcf73497c407cba698f417261942d6c1bc579b28 v0.5.0
4d1944fa0f1575f0874dddc61f9738c0b0606410fe822b06fdc08f0031eb4bcc v0.8.1
bbe6b2460ecd3c0116990297930b7c1c3b7d2e27a94e3610ee031896db9a2f9b stg
4f1c7413db1ace4a650f7650faf818b13c6610e0035014c6bdec2b459ce7ef79 v0.7.2
