77c68553dd63d067fe38ba04dd91cd9460df0bc2e05effc3fa0cd368e0833a39 v0.6.1
77c68553dd63d067fe38ba04dd91cd9460df0bc2e05effc3fa0cd368e0833a39 v0.6.0
ea91e0ced90748e62c270d5a6600e0bd85f75169f0da3edb0583ab99c9c948d9 v0.7.4
2cee63091b4449acf8187fe02854803215858ba5606985850a4dff1620bae103 v0.7.7
c8772b226bce3f9bb6362d59ec57479b2696a9a6c80d639ebaef939132b80056 v0.7.8
3dcfbb4d151a855516222647d225f778432437be50694124538b626135aa67b2 qc
b670ed519e6849b11698d1121c6a49c1c43935050068dc8de8e8366ab6388f0c v0.7.10
f06335a50601570a2629f47f7b8cf5ea098ec6234e32b54ee241f90a4ef2d8e4 dev
3d33c0449671d4d1273b93ef9d7f1818848f43a5ef4f7678c213e517f2943653 prod
3d33c0449671d4d1273b93ef9d7f1818848f43a5ef4f7678c213e517f2943653 v0.9.0
3d33c0449671d4d1273b93ef9d7f1818848f43a5ef4f7678c213e517f2943653 uat
469605f53f828fe06efa8799fc983073c8bb53a7fcaffe821f0637f057736ca8 v0.7.2
fcfcd101722a6359c7c40ce1d996b2a2b8defbbff4da1ee30682544b1b909824 v0.7.1
c19e160a7b3676ea2d53998044d4409838025a18cff81d98d7e861a74f16691f v0.6.7
cbeb5f091133742cd47244a1abd0fdafb3f6ceeeda00494d2a6820be98ea051c stg
bf3521a696b2937eb373c2ae7d49fda077ec801780021a4daeeeabafdf0d9733 v0.7.0
3d16a080c78786f57707053b279f0769fc00e31cd14a111aa6c8fe65b8c1392c v0.7.3
204accabff2766be4cc92d84a7aacbe263c0bd115c9303695bde45a217c87320 v0.6.6
4e21c7c1af02a3c0559aeb8df655d9bd93b511bb4ed244f4b3c3e6591bff7315 v0.5.0
a527b3c16937b5df3d9a1afda86ec995429c4f4043e83a2cd24a1f69a55a4569 v0.8.1
02d005b28c44edf0a26bba5958b7aa6dcbf818d6b32bf0cd852dac76d6401568 v0.8.0
